<?xml version="1.0" encoding="UTF-8"?>
<!-- Generated by org.testng.reporters.JUnitXMLReporter -->
<testsuite ignored="0" hostname="IMPETUS-NL652" failures="3" tests="5" name="Test" time="2.564" errors="0" timestamp="2021-11-01T16:58:17 IST">
  <testcase classname="maventestng.Test2" name="test_07" time="0.917"/>
  <testcase classname="maventestng.test4" name="test_06" time="0.054">
    <failure type="java.lang.AssertionError" message="expected [200] but found [500]">
      <![CDATA[java.lang.AssertionError: expected [200] but found [500]
at maventestng.test4.test_06(test4.java:72)
at java.base/java.util.ArrayList.forEach(ArrayList.java:1511)
... Removed 33 stack frames]]>
    </failure>
  </testcase> <!-- test_06 -->
  <testcase classname="maventestng.Test3" name="test_06" time="0.054">
    <failure type="java.lang.AssertionError" message="expected [200] but found [500]">
      <![CDATA[java.lang.AssertionError: expected [200] but found [500]
at maventestng.Test3.test_06(Test3.java:81)
at java.base/java.util.ArrayList.forEach(ArrayList.java:1511)
... Removed 33 stack frames]]>
    </failure>
  </testcase> <!-- test_06 -->
  <testcase classname="maventestng.Test0" name="test_01" time="0.034">
    <failure type="java.lang.AssertionError" message="expected [500] but found [200]">
      <![CDATA[java.lang.AssertionError: expected [500] but found [200]
at maventestng.Test0.test_01(Test0.java:77)
at java.base/java.util.ArrayList.forEach(ArrayList.java:1511)
... Removed 33 stack frames]]>
    </failure>
  </testcase> <!-- test_01 -->
  <testcase classname="maventestng.test1" name="test_01" time="0.028"/>
</testsuite> <!-- Test -->
