<?xml version="1.0" encoding="UTF-8"?>
<testng-results ignored="0" total="23" passed="21" failed="2" skipped="0">
  <reporter-output>
  </reporter-output>
  <suite started-at="2021-11-18T19:41:48 IST" name="Default suite" finished-at="2021-11-18T19:41:51 IST" duration-ms="3058">
    <groups>
    </groups>
    <test started-at="2021-11-18T19:41:48 IST" name="Default test" finished-at="2021-11-18T19:41:51 IST" duration-ms="3058">
      <class name="utils.ExcelDataProvider">
        <test-method signature="test2(java.lang.String,java.lang.String)[pri:0, instance:utils.ExcelDataProvider@73700b80]" started-at="2021-11-18T19:41:48 IST" name="test2" data-provider="test1data" finished-at="2021-11-18T19:41:49 IST" duration-ms="796" status="FAIL">
          <exception class="org.testng.internal.reflect.MethodMatcherException">
            <message>
              <![CDATA[
[void utils.ExcelDataProvider.test2(java.lang.String,java.lang.String)] has no parameters defined but was found to be using a data provider (either explicitly specified or inherited from class level annotation).
Data provider mismatch
Method: test2([Parameter{index=0, type=java.lang.String, declaredAnnotations=[]}, Parameter{index=1, type=java.lang.String, declaredAnnotations=[]}])
Arguments: [(java.lang.String) shivam ,(java.lang.String) kumar,(java.lang.String) fvffsfdsgdfgdfhf@fdgsdg.com,(java.lang.String) sfddsgs12]]]>
            </message>
            <full-stacktrace>
              <![CDATA[org.testng.internal.reflect.MethodMatcherException: 
[void utils.ExcelDataProvider.test2(java.lang.String,java.lang.String)] has no parameters defined but was found to be using a data provider (either explicitly specified or inherited from class level annotation).
Data provider mismatch
Method: test2([Parameter{index=0, type=java.lang.String, declaredAnnotations=[]}, Parameter{index=1, type=java.lang.String, declaredAnnotations=[]}])
Arguments: [(java.lang.String) shivam ,(java.lang.String) kumar,(java.lang.String) fvffsfdsgdfgdfhf@fdgsdg.com,(java.lang.String) sfddsgs12]
at org.testng.internal.reflect.DataProviderMethodMatcher.getConformingArguments(DataProviderMethodMatcher.java:43)
at org.testng.internal.Parameters.injectParameters(Parameters.java:914)
at org.testng.internal.MethodRunner.runInSequence(MethodRunner.java:34)
at org.testng.internal.TestInvoker$MethodInvocationAgent.invoke(TestInvoker.java:824)
at org.testng.internal.TestInvoker.invokeTestMethods(TestInvoker.java:146)
at org.testng.internal.TestMethodWorker.invokeTestMethods(TestMethodWorker.java:146)
at org.testng.internal.TestMethodWorker.run(TestMethodWorker.java:128)
at java.base/java.util.ArrayList.forEach(ArrayList.java:1511)
at org.testng.TestRunner.privateRun(TestRunner.java:794)
at org.testng.TestRunner.run(TestRunner.java:596)
at org.testng.SuiteRunner.runTest(SuiteRunner.java:377)
at org.testng.SuiteRunner.runSequentially(SuiteRunner.java:371)
at org.testng.SuiteRunner.privateRun(SuiteRunner.java:332)
at org.testng.SuiteRunner.run(SuiteRunner.java:276)
at org.testng.SuiteRunnerWorker.runSuite(SuiteRunnerWorker.java:53)
at org.testng.SuiteRunnerWorker.run(SuiteRunnerWorker.java:96)
at org.testng.TestNG.runSuitesSequentially(TestNG.java:1212)
at org.testng.TestNG.runSuitesLocally(TestNG.java:1134)
at org.testng.TestNG.runSuites(TestNG.java:1063)
at org.testng.TestNG.run(TestNG.java:1031)
at org.testng.remote.AbstractRemoteTestNG.run(AbstractRemoteTestNG.java:115)
at org.testng.remote.RemoteTestNG.initAndRun(RemoteTestNG.java:251)
at org.testng.remote.RemoteTestNG.main(RemoteTestNG.java:77)
]]>
            </full-stacktrace>
          </exception> <!-- org.testng.internal.reflect.MethodMatcherException -->
          <reporter-output>
          </reporter-output>
        </test-method> <!-- test2 -->
        <test-method signature="test1(java.lang.String,java.lang.String,java.lang.String,java.lang.String)[pri:1, instance:utils.ExcelDataProvider@73700b80]" started-at="2021-11-18T19:41:49 IST" name="test1" data-provider="test2data" finished-at="2021-11-18T19:41:49 IST" duration-ms="166" status="FAIL">
          <exception class="org.testng.internal.reflect.MethodMatcherException">
            <message>
              <![CDATA[
[void utils.ExcelDataProvider.test1(java.lang.String,java.lang.String,java.lang.String,java.lang.String)] has no parameters defined but was found to be using a data provider (either explicitly specified or inherited from class level annotation).
Data provider mismatch
Method: test1([Parameter{index=0, type=java.lang.String, declaredAnnotations=[]}, Parameter{index=1, type=java.lang.String, declaredAnnotations=[]}, Parameter{index=2, type=java.lang.String, declaredAnnotations=[]}, Parameter{index=3, type=java.lang.String, declaredAnnotations=[]}])
Arguments: [(java.lang.String) fvffsfdsgdfgdfhf@fdgsdg.com,(java.lang.String) sfddsgs12]]]>
            </message>
            <full-stacktrace>
              <![CDATA[org.testng.internal.reflect.MethodMatcherException: 
[void utils.ExcelDataProvider.test1(java.lang.String,java.lang.String,java.lang.String,java.lang.String)] has no parameters defined but was found to be using a data provider (either explicitly specified or inherited from class level annotation).
Data provider mismatch
Method: test1([Parameter{index=0, type=java.lang.String, declaredAnnotations=[]}, Parameter{index=1, type=java.lang.String, declaredAnnotations=[]}, Parameter{index=2, type=java.lang.String, declaredAnnotations=[]}, Parameter{index=3, type=java.lang.String, declaredAnnotations=[]}])
Arguments: [(java.lang.String) fvffsfdsgdfgdfhf@fdgsdg.com,(java.lang.String) sfddsgs12]
at org.testng.internal.reflect.DataProviderMethodMatcher.getConformingArguments(DataProviderMethodMatcher.java:43)
at org.testng.internal.Parameters.injectParameters(Parameters.java:914)
at org.testng.internal.MethodRunner.runInSequence(MethodRunner.java:34)
at org.testng.internal.TestInvoker$MethodInvocationAgent.invoke(TestInvoker.java:824)
at org.testng.internal.TestInvoker.invokeTestMethods(TestInvoker.java:146)
at org.testng.internal.TestMethodWorker.invokeTestMethods(TestMethodWorker.java:146)
at org.testng.internal.TestMethodWorker.run(TestMethodWorker.java:128)
at java.base/java.util.ArrayList.forEach(ArrayList.java:1511)
at org.testng.TestRunner.privateRun(TestRunner.java:794)
at org.testng.TestRunner.run(TestRunner.java:596)
at org.testng.SuiteRunner.runTest(SuiteRunner.java:377)
at org.testng.SuiteRunner.runSequentially(SuiteRunner.java:371)
at org.testng.SuiteRunner.privateRun(SuiteRunner.java:332)
at org.testng.SuiteRunner.run(SuiteRunner.java:276)
at org.testng.SuiteRunnerWorker.runSuite(SuiteRunnerWorker.java:53)
at org.testng.SuiteRunnerWorker.run(SuiteRunnerWorker.java:96)
at org.testng.TestNG.runSuitesSequentially(TestNG.java:1212)
at org.testng.TestNG.runSuitesLocally(TestNG.java:1134)
at org.testng.TestNG.runSuites(TestNG.java:1063)
at org.testng.TestNG.run(TestNG.java:1031)
at org.testng.remote.AbstractRemoteTestNG.run(AbstractRemoteTestNG.java:115)
at org.testng.remote.RemoteTestNG.initAndRun(RemoteTestNG.java:251)
at org.testng.remote.RemoteTestNG.main(RemoteTestNG.java:77)
]]>
            </full-stacktrace>
          </exception> <!-- org.testng.internal.reflect.MethodMatcherException -->
          <reporter-output>
          </reporter-output>
        </test-method> <!-- test1 -->
        <test-method is-config="true" signature="setup()[pri:0, instance:utils.ExcelDataProvider@73700b80]" started-at="2021-11-18T19:41:49 IST" name="setup" finished-at="2021-11-18T19:41:50 IST" duration-ms="521" status="PASS">
          <reporter-output>
          </reporter-output>
        </test-method> <!-- setup -->
        <test-method signature="test(java.lang.String,java.lang.String,java.lang.String,java.lang.String)[pri:2, instance:utils.ExcelDataProvider@73700b80]" started-at="2021-11-18T19:41:50 IST" name="test" data-provider="test1data" finished-at="2021-11-18T19:41:51 IST" duration-ms="814" status="PASS">
          <params>
            <param index="0">
              <value>
                <![CDATA[shivam ]]>
              </value>
            </param>
            <param index="1">
              <value>
                <![CDATA[kumar]]>
              </value>
            </param>
            <param index="2">
              <value>
                <![CDATA[fvffsfdsgdfgdfhf@fdgsdg.com]]>
              </value>
            </param>
            <param index="3">
              <value>
                <![CDATA[sfddsgs12]]>
              </value>
            </param>
          </params>
          <reporter-output>
          </reporter-output>
        </test-method> <!-- test -->
        <test-method is-config="true" signature="setup()[pri:0, instance:utils.ExcelDataProvider@73700b80]" started-at="2021-11-18T19:41:51 IST" name="setup" finished-at="2021-11-18T19:41:51 IST" duration-ms="0" status="PASS">
          <reporter-output>
          </reporter-output>
        </test-method> <!-- setup -->
        <test-method signature="test(java.lang.String,java.lang.String,java.lang.String,java.lang.String)[pri:2, instance:utils.ExcelDataProvider@73700b80]" started-at="2021-11-18T19:41:51 IST" name="test" data-provider="test1data" finished-at="2021-11-18T19:41:51 IST" duration-ms="30" status="PASS">
          <params>
            <param index="0">
              <value>
                <![CDATA[sfdsfsdgs]]>
              </value>
            </param>
            <param index="1">
              <value>
                <![CDATA[dgdfg]]>
              </value>
            </param>
            <param index="2">
              <value>
                <![CDATA[sdfssdfsdfsd@dfsd.com]]>
              </value>
            </param>
            <param index="3">
              <value>
                <![CDATA[sfddsgs12]]>
              </value>
            </param>
          </params>
          <reporter-output>
          </reporter-output>
        </test-method> <!-- test -->
        <test-method is-config="true" signature="setup()[pri:0, instance:utils.ExcelDataProvider@73700b80]" started-at="2021-11-18T19:41:51 IST" name="setup" finished-at="2021-11-18T19:41:51 IST" duration-ms="1" status="PASS">
          <reporter-output>
          </reporter-output>
        </test-method> <!-- setup -->
        <test-method signature="test(java.lang.String,java.lang.String,java.lang.String,java.lang.String)[pri:2, instance:utils.ExcelDataProvider@73700b80]" started-at="2021-11-18T19:41:51 IST" name="test" data-provider="test1data" finished-at="2021-11-18T19:41:51 IST" duration-ms="32" status="PASS">
          <params>
            <param index="0">
              <value>
                <![CDATA[xfxbcfvnfcv]]>
              </value>
            </param>
            <param index="1">
              <value>
                <![CDATA[bnvbnvbmn]]>
              </value>
            </param>
            <param index="2">
              <value>
                <![CDATA[xcxzxc@sdfsf.com]]>
              </value>
            </param>
            <param index="3">
              <value>
                <![CDATA[sfddsgs12]]>
              </value>
            </param>
          </params>
          <reporter-output>
          </reporter-output>
        </test-method> <!-- test -->
        <test-method signature="test(java.lang.String,java.lang.String,java.lang.String,java.lang.String)[pri:2, instance:utils.ExcelDataProvider@73700b80]" started-at="2021-11-18T19:41:51 IST" name="test" data-provider="test1data" finished-at="2021-11-18T19:41:51 IST" duration-ms="37" status="PASS">
          <params>
            <param index="0">
              <value>
                <![CDATA[xfxbcfvnfcv]]>
              </value>
            </param>
            <param index="1">
              <value>
                <![CDATA[bnvbnvbmn]]>
              </value>
            </param>
            <param index="2">
              <value>
                <![CDATA[vcdfsdfdfbgfdh@fsdf.com]]>
              </value>
            </param>
            <param index="3">
              <value>
                <![CDATA[121asas]]>
              </value>
            </param>
          </params>
          <reporter-output>
          </reporter-output>
        </test-method> <!-- test -->
        <test-method is-config="true" signature="setup()[pri:0, instance:utils.ExcelDataProvider@73700b80]" started-at="2021-11-18T19:41:51 IST" name="setup" finished-at="2021-11-18T19:41:51 IST" duration-ms="0" status="PASS">
          <reporter-output>
          </reporter-output>
        </test-method> <!-- setup -->
        <test-method signature="test(java.lang.String,java.lang.String,java.lang.String,java.lang.String)[pri:2, instance:utils.ExcelDataProvider@73700b80]" started-at="2021-11-18T19:41:51 IST" name="test" data-provider="test1data" finished-at="2021-11-18T19:41:51 IST" duration-ms="33" status="PASS">
          <params>
            <param index="0">
              <value>
                <![CDATA[xfxbcfvnfcv]]>
              </value>
            </param>
            <param index="1">
              <value>
                <![CDATA[bnvbnvbmn]]>
              </value>
            </param>
            <param index="2">
              <value>
                <![CDATA[dfsdfsdgaaaa@xddx.com]]>
              </value>
            </param>
            <param index="3">
              <value>
                <![CDATA[sfddsgs2]]>
              </value>
            </param>
          </params>
          <reporter-output>
          </reporter-output>
        </test-method> <!-- test -->
        <test-method is-config="true" signature="setup()[pri:0, instance:utils.ExcelDataProvider@73700b80]" started-at="2021-11-18T19:41:51 IST" name="setup" finished-at="2021-11-18T19:41:51 IST" duration-ms="0" status="PASS">
          <reporter-output>
          </reporter-output>
        </test-method> <!-- setup -->
        <test-method is-config="true" signature="setup()[pri:0, instance:utils.ExcelDataProvider@73700b80]" started-at="2021-11-18T19:41:51 IST" name="setup" finished-at="2021-11-18T19:41:51 IST" duration-ms="0" status="PASS">
          <reporter-output>
          </reporter-output>
        </test-method> <!-- setup -->
        <test-method signature="test(java.lang.String,java.lang.String,java.lang.String,java.lang.String)[pri:2, instance:utils.ExcelDataProvider@73700b80]" started-at="2021-11-18T19:41:51 IST" name="test" data-provider="test1data" finished-at="2021-11-18T19:41:51 IST" duration-ms="36" status="PASS">
          <params>
            <param index="0">
              <value>
                <![CDATA[xfxbcfvnfcv]]>
              </value>
            </param>
            <param index="1">
              <value>
                <![CDATA[bnvbnvbmn]]>
              </value>
            </param>
            <param index="2">
              <value>
                <![CDATA[fxvxfsdf@sdfsd.com]]>
              </value>
            </param>
            <param index="3">
              <value>
                <![CDATA[]]>
              </value>
            </param>
          </params>
          <reporter-output>
          </reporter-output>
        </test-method> <!-- test -->
        <test-method is-config="true" signature="setup()[pri:0, instance:utils.ExcelDataProvider@73700b80]" started-at="2021-11-18T19:41:51 IST" name="setup" finished-at="2021-11-18T19:41:51 IST" duration-ms="1" status="PASS">
          <reporter-output>
          </reporter-output>
        </test-method> <!-- setup -->
        <test-method signature="test(java.lang.String,java.lang.String,java.lang.String,java.lang.String)[pri:2, instance:utils.ExcelDataProvider@73700b80]" started-at="2021-11-18T19:41:51 IST" name="test" data-provider="test1data" finished-at="2021-11-18T19:41:51 IST" duration-ms="40" status="PASS">
          <params>
            <param index="0">
              <value>
                <![CDATA[xfxbcfvnfcv]]>
              </value>
            </param>
            <param index="1">
              <value>
                <![CDATA[bnvbnvbmn]]>
              </value>
            </param>
            <param index="2">
              <value>
                <![CDATA[dfsdfsafsdfdsfs@adsfd.com]]>
              </value>
            </param>
            <param index="3">
              <value>
                <![CDATA[sfddsgssdfds1]]>
              </value>
            </param>
          </params>
          <reporter-output>
          </reporter-output>
        </test-method> <!-- test -->
        <test-method is-config="true" signature="setup()[pri:0, instance:utils.ExcelDataProvider@73700b80]" started-at="2021-11-18T19:41:51 IST" name="setup" finished-at="2021-11-18T19:41:51 IST" duration-ms="1" status="PASS">
          <reporter-output>
          </reporter-output>
        </test-method> <!-- setup -->
        <test-method signature="test(java.lang.String,java.lang.String,java.lang.String,java.lang.String)[pri:2, instance:utils.ExcelDataProvider@73700b80]" started-at="2021-11-18T19:41:51 IST" name="test" data-provider="test1data" finished-at="2021-11-18T19:41:51 IST" duration-ms="31" status="PASS">
          <params>
            <param index="0">
              <value>
                <![CDATA[xfxbcfvnfcv]]>
              </value>
            </param>
            <param index="1">
              <value>
                <![CDATA[bnvbnvbmn]]>
              </value>
            </param>
            <param index="2">
              <value>
                <![CDATA[sfsdfsdf@sfsd.com]]>
              </value>
            </param>
            <param index="3">
              <value>
                <![CDATA[sfddsgssdfsd1]]>
              </value>
            </param>
          </params>
          <reporter-output>
          </reporter-output>
        </test-method> <!-- test -->
        <test-method is-config="true" signature="setup()[pri:0, instance:utils.ExcelDataProvider@73700b80]" started-at="2021-11-18T19:41:51 IST" name="setup" finished-at="2021-11-18T19:41:51 IST" duration-ms="0" status="PASS">
          <reporter-output>
          </reporter-output>
        </test-method> <!-- setup -->
        <test-method signature="test(java.lang.String,java.lang.String,java.lang.String,java.lang.String)[pri:2, instance:utils.ExcelDataProvider@73700b80]" started-at="2021-11-18T19:41:51 IST" name="test" data-provider="test1data" finished-at="2021-11-18T19:41:51 IST" duration-ms="25" status="PASS">
          <params>
            <param index="0">
              <value>
                <![CDATA[xfxbcfvnfcv]]>
              </value>
            </param>
            <param index="1">
              <value>
                <![CDATA[bnvbnvbmn]]>
              </value>
            </param>
            <param index="2">
              <value>
                <![CDATA[xvxcvsdgsszfzsdgf@sgsd.com]]>
              </value>
            </param>
            <param index="3">
              <value>
                <![CDATA[sfddsgs23]]>
              </value>
            </param>
          </params>
          <reporter-output>
          </reporter-output>
        </test-method> <!-- test -->
        <test-method signature="test(java.lang.String,java.lang.String,java.lang.String,java.lang.String)[pri:2, instance:utils.ExcelDataProvider@73700b80]" started-at="2021-11-18T19:41:51 IST" name="test" data-provider="test1data" finished-at="2021-11-18T19:41:51 IST" duration-ms="37" status="PASS">
          <params>
            <param index="0">
              <value>
                <![CDATA[xfxbcfvnfcv]]>
              </value>
            </param>
            <param index="1">
              <value>
                <![CDATA[bnvbnvbmn]]>
              </value>
            </param>
            <param index="2">
              <value>
                <![CDATA[aaaaaaaaaaa@aaa.com]]>
              </value>
            </param>
            <param index="3">
              <value>
                <![CDATA[sfddsgs23]]>
              </value>
            </param>
          </params>
          <reporter-output>
          </reporter-output>
        </test-method> <!-- test -->
        <test-method is-config="true" signature="setup()[pri:0, instance:utils.ExcelDataProvider@73700b80]" started-at="2021-11-18T19:41:51 IST" name="setup" finished-at="2021-11-18T19:41:51 IST" duration-ms="0" status="PASS">
          <reporter-output>
          </reporter-output>
        </test-method> <!-- setup -->
        <test-method signature="test(java.lang.String,java.lang.String,java.lang.String,java.lang.String)[pri:2, instance:utils.ExcelDataProvider@73700b80]" started-at="2021-11-18T19:41:51 IST" name="test" data-provider="test1data" finished-at="2021-11-18T19:41:51 IST" duration-ms="23" status="PASS">
          <params>
            <param index="0">
              <value>
                <![CDATA[xfxbcfvnfcv]]>
              </value>
            </param>
            <param index="1">
              <value>
                <![CDATA[bnvbnvbmn]]>
              </value>
            </param>
            <param index="2">
              <value>
                <![CDATA[bbbbbbbbbbb@bb.com]]>
              </value>
            </param>
            <param index="3">
              <value>
                <![CDATA[sfddsgs232]]>
              </value>
            </param>
          </params>
          <reporter-output>
          </reporter-output>
        </test-method> <!-- test -->
        <test-method is-config="true" signature="setup()[pri:0, instance:utils.ExcelDataProvider@73700b80]" started-at="2021-11-18T19:41:51 IST" name="setup" finished-at="2021-11-18T19:41:51 IST" duration-ms="0" status="PASS">
          <reporter-output>
          </reporter-output>
        </test-method> <!-- setup -->
        <test-method is-config="true" signature="setup()[pri:0, instance:utils.ExcelDataProvider@73700b80]" started-at="2021-11-18T19:41:51 IST" name="setup" finished-at="2021-11-18T19:41:51 IST" duration-ms="1" status="PASS">
          <reporter-output>
          </reporter-output>
        </test-method> <!-- setup -->
        <test-method signature="test(java.lang.String,java.lang.String,java.lang.String,java.lang.String)[pri:2, instance:utils.ExcelDataProvider@73700b80]" started-at="2021-11-18T19:41:51 IST" name="test" data-provider="test1data" finished-at="2021-11-18T19:41:51 IST" duration-ms="29" status="PASS">
          <params>
            <param index="0">
              <value>
                <![CDATA[xfxbcfvnfcv]]>
              </value>
            </param>
            <param index="1">
              <value>
                <![CDATA[bnvbnvbmn]]>
              </value>
            </param>
            <param index="2">
              <value>
                <![CDATA[ccccccccccc@ccc.com]]>
              </value>
            </param>
            <param index="3">
              <value>
                <![CDATA[sfddsgs22]]>
              </value>
            </param>
          </params>
          <reporter-output>
          </reporter-output>
        </test-method> <!-- test -->
        <test-method is-config="true" signature="setup()[pri:0, instance:utils.ExcelDataProvider@73700b80]" started-at="2021-11-18T19:41:51 IST" name="setup" finished-at="2021-11-18T19:41:51 IST" duration-ms="0" status="PASS">
          <reporter-output>
          </reporter-output>
        </test-method> <!-- setup -->
        <test-method signature="test(java.lang.String,java.lang.String,java.lang.String,java.lang.String)[pri:2, instance:utils.ExcelDataProvider@73700b80]" started-at="2021-11-18T19:41:51 IST" name="test" data-provider="test1data" finished-at="2021-11-18T19:41:51 IST" duration-ms="20" status="PASS">
          <params>
            <param index="0">
              <value>
                <![CDATA[xfxbcfvnfcv]]>
              </value>
            </param>
            <param index="1">
              <value>
                <![CDATA[bnvbnvbmn]]>
              </value>
            </param>
            <param index="2">
              <value>
                <![CDATA[dddddddddd@ddd.com]]>
              </value>
            </param>
            <param index="3">
              <value>
                <![CDATA[sfddsgs232]]>
              </value>
            </param>
          </params>
          <reporter-output>
          </reporter-output>
        </test-method> <!-- test -->
        <test-method signature="test(java.lang.String,java.lang.String,java.lang.String,java.lang.String)[pri:2, instance:utils.ExcelDataProvider@73700b80]" started-at="2021-11-18T19:41:51 IST" name="test" data-provider="test1data" finished-at="2021-11-18T19:41:51 IST" duration-ms="22" status="PASS">
          <params>
            <param index="0">
              <value>
                <![CDATA[xfxbcfvnfcv]]>
              </value>
            </param>
            <param index="1">
              <value>
                <![CDATA[bnvbnvbmn]]>
              </value>
            </param>
            <param index="2">
              <value>
                <![CDATA[eeeeeeeeee@eee.com]]>
              </value>
            </param>
            <param index="3">
              <value>
                <![CDATA[23sdfs]]>
              </value>
            </param>
          </params>
          <reporter-output>
          </reporter-output>
        </test-method> <!-- test -->
        <test-method is-config="true" signature="setup()[pri:0, instance:utils.ExcelDataProvider@73700b80]" started-at="2021-11-18T19:41:51 IST" name="setup" finished-at="2021-11-18T19:41:51 IST" duration-ms="0" status="PASS">
          <reporter-output>
          </reporter-output>
        </test-method> <!-- setup -->
        <test-method is-config="true" signature="setup()[pri:0, instance:utils.ExcelDataProvider@73700b80]" started-at="2021-11-18T19:41:51 IST" name="setup" finished-at="2021-11-18T19:41:51 IST" duration-ms="1" status="PASS">
          <reporter-output>
          </reporter-output>
        </test-method> <!-- setup -->
        <test-method signature="test(java.lang.String,java.lang.String,java.lang.String,java.lang.String)[pri:2, instance:utils.ExcelDataProvider@73700b80]" started-at="2021-11-18T19:41:51 IST" name="test" data-provider="test1data" finished-at="2021-11-18T19:41:51 IST" duration-ms="20" status="PASS">
          <params>
            <param index="0">
              <value>
                <![CDATA[xfxbcfvnfcv]]>
              </value>
            </param>
            <param index="1">
              <value>
                <![CDATA[bnvbnvbmn]]>
              </value>
            </param>
            <param index="2">
              <value>
                <![CDATA[fffffffffff@fff.com]]>
              </value>
            </param>
            <param index="3">
              <value>
                <![CDATA[234asddsa]]>
              </value>
            </param>
          </params>
          <reporter-output>
          </reporter-output>
        </test-method> <!-- test -->
        <test-method is-config="true" signature="setup()[pri:0, instance:utils.ExcelDataProvider@73700b80]" started-at="2021-11-18T19:41:51 IST" name="setup" finished-at="2021-11-18T19:41:51 IST" duration-ms="1" status="PASS">
          <reporter-output>
          </reporter-output>
        </test-method> <!-- setup -->
        <test-method signature="test(java.lang.String,java.lang.String,java.lang.String,java.lang.String)[pri:2, instance:utils.ExcelDataProvider@73700b80]" started-at="2021-11-18T19:41:51 IST" name="test" data-provider="test1data" finished-at="2021-11-18T19:41:51 IST" duration-ms="35" status="PASS">
          <params>
            <param index="0">
              <value>
                <![CDATA[uttam ]]>
              </value>
            </param>
            <param index="1">
              <value>
                <![CDATA[kumar]]>
              </value>
            </param>
            <param index="2">
              <value>
                <![CDATA[uttamkumarsingh@gmail.com]]>
              </value>
            </param>
            <param index="3">
              <value>
                <![CDATA[ass1231a]]>
              </value>
            </param>
          </params>
          <reporter-output>
          </reporter-output>
        </test-method> <!-- test -->
        <test-method is-config="true" signature="setup()[pri:0, instance:utils.ExcelDataProvider@73700b80]" started-at="2021-11-18T19:41:51 IST" name="setup" finished-at="2021-11-18T19:41:51 IST" duration-ms="0" status="PASS">
          <reporter-output>
          </reporter-output>
        </test-method> <!-- setup -->
        <test-method signature="test(java.lang.String,java.lang.String,java.lang.String,java.lang.String)[pri:2, instance:utils.ExcelDataProvider@73700b80]" started-at="2021-11-18T19:41:51 IST" name="test" data-provider="test1data" finished-at="2021-11-18T19:41:51 IST" duration-ms="23" status="PASS">
          <params>
            <param index="0">
              <value>
                <![CDATA[uttam ]]>
              </value>
            </param>
            <param index="1">
              <value>
                <![CDATA[kumar]]>
              </value>
            </param>
            <param index="2">
              <value>
                <![CDATA[sdssddgdffhhg@fvxfb.com]]>
              </value>
            </param>
            <param index="3">
              <value>
                <![CDATA[ass1231a]]>
              </value>
            </param>
          </params>
          <reporter-output>
          </reporter-output>
        </test-method> <!-- test -->
        <test-method is-config="true" signature="setup()[pri:0, instance:utils.ExcelDataProvider@73700b80]" started-at="2021-11-18T19:41:51 IST" name="setup" finished-at="2021-11-18T19:41:51 IST" duration-ms="0" status="PASS">
          <reporter-output>
          </reporter-output>
        </test-method> <!-- setup -->
        <test-method signature="test(java.lang.String,java.lang.String,java.lang.String,java.lang.String)[pri:2, instance:utils.ExcelDataProvider@73700b80]" started-at="2021-11-18T19:41:51 IST" name="test" data-provider="test1data" finished-at="2021-11-18T19:41:51 IST" duration-ms="24" status="PASS">
          <params>
            <param index="0">
              <value>
                <![CDATA[uttam ]]>
              </value>
            </param>
            <param index="1">
              <value>
                <![CDATA[kumar]]>
              </value>
            </param>
            <param index="2">
              <value>
                <![CDATA[ccccc@cc.com]]>
              </value>
            </param>
            <param index="3">
              <value>
                <![CDATA[ass1231a]]>
              </value>
            </param>
          </params>
          <reporter-output>
          </reporter-output>
        </test-method> <!-- test -->
        <test-method signature="test(java.lang.String,java.lang.String,java.lang.String,java.lang.String)[pri:2, instance:utils.ExcelDataProvider@73700b80]" started-at="2021-11-18T19:41:51 IST" name="test" data-provider="test1data" finished-at="2021-11-18T19:41:51 IST" duration-ms="19" status="PASS">
          <params>
            <param index="0">
              <value>
                <![CDATA[uttam ]]>
              </value>
            </param>
            <param index="1">
              <value>
                <![CDATA[kumar]]>
              </value>
            </param>
            <param index="2">
              <value>
                <![CDATA[lllllll@lll.com]]>
              </value>
            </param>
            <param index="3">
              <value>
                <![CDATA[ass1231a]]>
              </value>
            </param>
          </params>
          <reporter-output>
          </reporter-output>
        </test-method> <!-- test -->
        <test-method is-config="true" signature="setup()[pri:0, instance:utils.ExcelDataProvider@73700b80]" started-at="2021-11-18T19:41:51 IST" name="setup" finished-at="2021-11-18T19:41:51 IST" duration-ms="0" status="PASS">
          <reporter-output>
          </reporter-output>
        </test-method> <!-- setup -->
        <test-method is-config="true" signature="setup()[pri:0, instance:utils.ExcelDataProvider@73700b80]" started-at="2021-11-18T19:41:51 IST" name="setup" finished-at="2021-11-18T19:41:51 IST" duration-ms="0" status="PASS">
          <reporter-output>
          </reporter-output>
        </test-method> <!-- setup -->
        <test-method signature="test(java.lang.String,java.lang.String,java.lang.String,java.lang.String)[pri:2, instance:utils.ExcelDataProvider@73700b80]" started-at="2021-11-18T19:41:51 IST" name="test" data-provider="test1data" finished-at="2021-11-18T19:41:51 IST" duration-ms="24" status="PASS">
          <params>
            <param index="0">
              <value>
                <![CDATA[uttam ]]>
              </value>
            </param>
            <param index="1">
              <value>
                <![CDATA[kumar]]>
              </value>
            </param>
            <param index="2">
              <value>
                <![CDATA[ppppp@ppp.com]]>
              </value>
            </param>
            <param index="3">
              <value>
                <![CDATA[ass1231a]]>
              </value>
            </param>
          </params>
          <reporter-output>
          </reporter-output>
        </test-method> <!-- test -->
        <test-method is-config="true" signature="setup()[pri:0, instance:utils.ExcelDataProvider@73700b80]" started-at="2021-11-18T19:41:51 IST" name="setup" finished-at="2021-11-18T19:41:51 IST" duration-ms="1" status="PASS">
          <reporter-output>
          </reporter-output>
        </test-method> <!-- setup -->
        <test-method signature="test(java.lang.String,java.lang.String,java.lang.String,java.lang.String)[pri:2, instance:utils.ExcelDataProvider@73700b80]" started-at="2021-11-18T19:41:51 IST" name="test" data-provider="test1data" finished-at="2021-11-18T19:41:51 IST" duration-ms="16" status="PASS">
          <params>
            <param index="0">
              <value>
                <![CDATA[shivam ]]>
              </value>
            </param>
            <param index="1">
              <value>
                <![CDATA[kumar]]>
              </value>
            </param>
            <param index="2">
              <value>
                <![CDATA[shivamkumar9555@gmail.com]]>
              </value>
            </param>
            <param index="3">
              <value>
                <![CDATA[A112345678]]>
              </value>
            </param>
          </params>
          <reporter-output>
          </reporter-output>
        </test-method> <!-- test -->
      </class> <!-- utils.ExcelDataProvider -->
    </test> <!-- Default test -->
  </suite> <!-- Default suite -->
</testng-results>
