<?xml version="1.0" encoding="UTF-8"?>
<testng-results ignored="0" total="20" passed="16" failed="4" skipped="0">
  <reporter-output>
  </reporter-output>
  <suite started-at="2021-11-18T12:49:02 IST" name="Default suite" finished-at="2021-11-18T12:49:05 IST" duration-ms="2897">
    <groups>
    </groups>
    <test started-at="2021-11-18T12:49:02 IST" name="Default test" finished-at="2021-11-18T12:49:05 IST" duration-ms="2897">
      <class name="utils.ExcelDataProvider">
        <test-method is-config="true" signature="setup()[pri:0, instance:utils.ExcelDataProvider@49c7b90e]" started-at="2021-11-18T12:49:02 IST" name="setup" finished-at="2021-11-18T12:49:03 IST" duration-ms="641" status="PASS">
          <reporter-output>
          </reporter-output>
        </test-method> <!-- setup -->
        <test-method signature="test(java.lang.String,java.lang.String,java.lang.String,java.lang.String)[pri:0, instance:utils.ExcelDataProvider@49c7b90e]" started-at="2021-11-18T12:49:03 IST" name="test" data-provider="test1data" finished-at="2021-11-18T12:49:04 IST" duration-ms="897" status="PASS">
          <params>
            <param index="0">
              <value>
                <![CDATA[shivam ]]>
              </value>
            </param>
            <param index="1">
              <value>
                <![CDATA[kumar]]>
              </value>
            </param>
            <param index="2">
              <value>
                <![CDATA[fvffsfdsgdfgdfhf@fdgsdg.com]]>
              </value>
            </param>
            <param index="3">
              <value>
                <![CDATA[sfddsgs12]]>
              </value>
            </param>
          </params>
          <reporter-output>
          </reporter-output>
        </test-method> <!-- test -->
        <test-method is-config="true" signature="tearDown()[pri:0, instance:utils.ExcelDataProvider@49c7b90e]" started-at="2021-11-18T12:49:04 IST" name="tearDown" finished-at="2021-11-18T12:49:04 IST" duration-ms="1" status="PASS">
          <reporter-output>
          </reporter-output>
        </test-method> <!-- tearDown -->
        <test-method is-config="true" signature="setup()[pri:0, instance:utils.ExcelDataProvider@49c7b90e]" started-at="2021-11-18T12:49:04 IST" name="setup" finished-at="2021-11-18T12:49:04 IST" duration-ms="1" status="PASS">
          <reporter-output>
          </reporter-output>
        </test-method> <!-- setup -->
        <test-method signature="test(java.lang.String,java.lang.String,java.lang.String,java.lang.String)[pri:0, instance:utils.ExcelDataProvider@49c7b90e]" started-at="2021-11-18T12:49:04 IST" name="test" data-provider="test1data" finished-at="2021-11-18T12:49:04 IST" duration-ms="37" status="PASS">
          <params>
            <param index="0">
              <value>
                <![CDATA[sfdsfsdgs]]>
              </value>
            </param>
            <param index="1">
              <value>
                <![CDATA[dgdfg]]>
              </value>
            </param>
            <param index="2">
              <value>
                <![CDATA[sdfssdfsdfsd@dfsd.com]]>
              </value>
            </param>
            <param index="3">
              <value>
                <![CDATA[sfddsgs12]]>
              </value>
            </param>
          </params>
          <reporter-output>
          </reporter-output>
        </test-method> <!-- test -->
        <test-method is-config="true" signature="setup()[pri:0, instance:utils.ExcelDataProvider@49c7b90e]" started-at="2021-11-18T12:49:04 IST" name="setup" finished-at="2021-11-18T12:49:04 IST" duration-ms="1" status="PASS">
          <reporter-output>
          </reporter-output>
        </test-method> <!-- setup -->
        <test-method is-config="true" signature="tearDown()[pri:0, instance:utils.ExcelDataProvider@49c7b90e]" started-at="2021-11-18T12:49:04 IST" name="tearDown" finished-at="2021-11-18T12:49:04 IST" duration-ms="0" status="PASS">
          <reporter-output>
          </reporter-output>
        </test-method> <!-- tearDown -->
        <test-method signature="test(java.lang.String,java.lang.String,java.lang.String,java.lang.String)[pri:0, instance:utils.ExcelDataProvider@49c7b90e]" started-at="2021-11-18T12:49:04 IST" name="test" data-provider="test1data" finished-at="2021-11-18T12:49:04 IST" duration-ms="29" status="PASS">
          <params>
            <param index="0">
              <value>
                <![CDATA[xfxbcfvnfcv]]>
              </value>
            </param>
            <param index="1">
              <value>
                <![CDATA[bnvbnvbmn]]>
              </value>
            </param>
            <param index="2">
              <value>
                <![CDATA[xcxzxc@sdfsf.com]]>
              </value>
            </param>
            <param index="3">
              <value>
                <![CDATA[sfddsgs12]]>
              </value>
            </param>
          </params>
          <reporter-output>
          </reporter-output>
        </test-method> <!-- test -->
        <test-method is-config="true" signature="tearDown()[pri:0, instance:utils.ExcelDataProvider@49c7b90e]" started-at="2021-11-18T12:49:04 IST" name="tearDown" finished-at="2021-11-18T12:49:04 IST" duration-ms="1" status="PASS">
          <reporter-output>
          </reporter-output>
        </test-method> <!-- tearDown -->
        <test-method is-config="true" signature="setup()[pri:0, instance:utils.ExcelDataProvider@49c7b90e]" started-at="2021-11-18T12:49:04 IST" name="setup" finished-at="2021-11-18T12:49:04 IST" duration-ms="1" status="PASS">
          <reporter-output>
          </reporter-output>
        </test-method> <!-- setup -->
        <test-method signature="test(java.lang.String,java.lang.String,java.lang.String,java.lang.String)[pri:0, instance:utils.ExcelDataProvider@49c7b90e]" started-at="2021-11-18T12:49:04 IST" name="test" data-provider="test1data" finished-at="2021-11-18T12:49:04 IST" duration-ms="32" status="PASS">
          <params>
            <param index="0">
              <value>
                <![CDATA[xfxbcfvnfcv]]>
              </value>
            </param>
            <param index="1">
              <value>
                <![CDATA[bnvbnvbmn]]>
              </value>
            </param>
            <param index="2">
              <value>
                <![CDATA[vcdfsdfdfbgfdh@fsdf.com]]>
              </value>
            </param>
            <param index="3">
              <value>
                <![CDATA[121asas]]>
              </value>
            </param>
          </params>
          <reporter-output>
          </reporter-output>
        </test-method> <!-- test -->
        <test-method is-config="true" signature="setup()[pri:0, instance:utils.ExcelDataProvider@49c7b90e]" started-at="2021-11-18T12:49:04 IST" name="setup" finished-at="2021-11-18T12:49:04 IST" duration-ms="1" status="PASS">
          <reporter-output>
          </reporter-output>
        </test-method> <!-- setup -->
        <test-method is-config="true" signature="tearDown()[pri:0, instance:utils.ExcelDataProvider@49c7b90e]" started-at="2021-11-18T12:49:04 IST" name="tearDown" finished-at="2021-11-18T12:49:04 IST" duration-ms="0" status="PASS">
          <reporter-output>
          </reporter-output>
        </test-method> <!-- tearDown -->
        <test-method signature="test(java.lang.String,java.lang.String,java.lang.String,java.lang.String)[pri:0, instance:utils.ExcelDataProvider@49c7b90e]" started-at="2021-11-18T12:49:04 IST" name="test" data-provider="test1data" finished-at="2021-11-18T12:49:04 IST" duration-ms="22" status="PASS">
          <params>
            <param index="0">
              <value>
                <![CDATA[xfxbcfvnfcv]]>
              </value>
            </param>
            <param index="1">
              <value>
                <![CDATA[bnvbnvbmn]]>
              </value>
            </param>
            <param index="2">
              <value>
                <![CDATA[dfsdfsdgaaaa@xddx.com]]>
              </value>
            </param>
            <param index="3">
              <value>
                <![CDATA[sfddsgs2]]>
              </value>
            </param>
          </params>
          <reporter-output>
          </reporter-output>
        </test-method> <!-- test -->
        <test-method is-config="true" signature="tearDown()[pri:0, instance:utils.ExcelDataProvider@49c7b90e]" started-at="2021-11-18T12:49:04 IST" name="tearDown" finished-at="2021-11-18T12:49:04 IST" duration-ms="0" status="PASS">
          <reporter-output>
          </reporter-output>
        </test-method> <!-- tearDown -->
        <test-method is-config="true" signature="setup()[pri:0, instance:utils.ExcelDataProvider@49c7b90e]" started-at="2021-11-18T12:49:04 IST" name="setup" finished-at="2021-11-18T12:49:04 IST" duration-ms="1" status="PASS">
          <reporter-output>
          </reporter-output>
        </test-method> <!-- setup -->
        <test-method signature="test(java.lang.String,java.lang.String,java.lang.String,java.lang.String)[pri:0, instance:utils.ExcelDataProvider@49c7b90e]" started-at="2021-11-18T12:49:04 IST" name="test" data-provider="test1data" finished-at="2021-11-18T12:49:04 IST" duration-ms="27" status="PASS">
          <params>
            <param index="0">
              <value>
                <![CDATA[xfxbcfvnfcv]]>
              </value>
            </param>
            <param index="1">
              <value>
                <![CDATA[bnvbnvbmn]]>
              </value>
            </param>
            <param index="2">
              <value>
                <![CDATA[fxvxfsdf@sdfsd.com]]>
              </value>
            </param>
            <param index="3">
              <value>
                <![CDATA[sfddsgs]]>
              </value>
            </param>
          </params>
          <reporter-output>
          </reporter-output>
        </test-method> <!-- test -->
        <test-method is-config="true" signature="tearDown()[pri:0, instance:utils.ExcelDataProvider@49c7b90e]" started-at="2021-11-18T12:49:04 IST" name="tearDown" finished-at="2021-11-18T12:49:04 IST" duration-ms="0" status="PASS">
          <reporter-output>
          </reporter-output>
        </test-method> <!-- tearDown -->
        <test-method is-config="true" signature="setup()[pri:0, instance:utils.ExcelDataProvider@49c7b90e]" started-at="2021-11-18T12:49:04 IST" name="setup" finished-at="2021-11-18T12:49:04 IST" duration-ms="1" status="PASS">
          <reporter-output>
          </reporter-output>
        </test-method> <!-- setup -->
        <test-method signature="test(java.lang.String,java.lang.String,java.lang.String,java.lang.String)[pri:0, instance:utils.ExcelDataProvider@49c7b90e]" started-at="2021-11-18T12:49:04 IST" name="test" data-provider="test1data" finished-at="2021-11-18T12:49:04 IST" duration-ms="26" status="PASS">
          <params>
            <param index="0">
              <value>
                <![CDATA[xfxbcfvnfcv]]>
              </value>
            </param>
            <param index="1">
              <value>
                <![CDATA[bnvbnvbmn]]>
              </value>
            </param>
            <param index="2">
              <value>
                <![CDATA[dfsdfsafsdfdsfs@adsfd.com]]>
              </value>
            </param>
            <param index="3">
              <value>
                <![CDATA[sfddsgssdfds1]]>
              </value>
            </param>
          </params>
          <reporter-output>
          </reporter-output>
        </test-method> <!-- test -->
        <test-method is-config="true" signature="tearDown()[pri:0, instance:utils.ExcelDataProvider@49c7b90e]" started-at="2021-11-18T12:49:04 IST" name="tearDown" finished-at="2021-11-18T12:49:04 IST" duration-ms="1" status="PASS">
          <reporter-output>
          </reporter-output>
        </test-method> <!-- tearDown -->
        <test-method is-config="true" signature="setup()[pri:0, instance:utils.ExcelDataProvider@49c7b90e]" started-at="2021-11-18T12:49:04 IST" name="setup" finished-at="2021-11-18T12:49:04 IST" duration-ms="0" status="PASS">
          <reporter-output>
          </reporter-output>
        </test-method> <!-- setup -->
        <test-method signature="test(java.lang.String,java.lang.String,java.lang.String,java.lang.String)[pri:0, instance:utils.ExcelDataProvider@49c7b90e]" started-at="2021-11-18T12:49:04 IST" name="test" data-provider="test1data" finished-at="2021-11-18T12:49:04 IST" duration-ms="35" status="PASS">
          <params>
            <param index="0">
              <value>
                <![CDATA[xfxbcfvnfcv]]>
              </value>
            </param>
            <param index="1">
              <value>
                <![CDATA[bnvbnvbmn]]>
              </value>
            </param>
            <param index="2">
              <value>
                <![CDATA[sfsdfsdf@sfsd.com]]>
              </value>
            </param>
            <param index="3">
              <value>
                <![CDATA[sfddsgssdfsd1]]>
              </value>
            </param>
          </params>
          <reporter-output>
          </reporter-output>
        </test-method> <!-- test -->
        <test-method is-config="true" signature="tearDown()[pri:0, instance:utils.ExcelDataProvider@49c7b90e]" started-at="2021-11-18T12:49:04 IST" name="tearDown" finished-at="2021-11-18T12:49:04 IST" duration-ms="0" status="PASS">
          <reporter-output>
          </reporter-output>
        </test-method> <!-- tearDown -->
        <test-method is-config="true" signature="setup()[pri:0, instance:utils.ExcelDataProvider@49c7b90e]" started-at="2021-11-18T12:49:04 IST" name="setup" finished-at="2021-11-18T12:49:04 IST" duration-ms="1" status="PASS">
          <reporter-output>
          </reporter-output>
        </test-method> <!-- setup -->
        <test-method signature="test(java.lang.String,java.lang.String,java.lang.String,java.lang.String)[pri:0, instance:utils.ExcelDataProvider@49c7b90e]" started-at="2021-11-18T12:49:04 IST" name="test" data-provider="test1data" finished-at="2021-11-18T12:49:04 IST" duration-ms="28" status="PASS">
          <params>
            <param index="0">
              <value>
                <![CDATA[xfxbcfvnfcv]]>
              </value>
            </param>
            <param index="1">
              <value>
                <![CDATA[bnvbnvbmn]]>
              </value>
            </param>
            <param index="2">
              <value>
                <![CDATA[xvxcvsdgsszfzsdgf@sgsd.com]]>
              </value>
            </param>
            <param index="3">
              <value>
                <![CDATA[sfddsgs23]]>
              </value>
            </param>
          </params>
          <reporter-output>
          </reporter-output>
        </test-method> <!-- test -->
        <test-method is-config="true" signature="setup()[pri:0, instance:utils.ExcelDataProvider@49c7b90e]" started-at="2021-11-18T12:49:04 IST" name="setup" finished-at="2021-11-18T12:49:04 IST" duration-ms="1" status="PASS">
          <reporter-output>
          </reporter-output>
        </test-method> <!-- setup -->
        <test-method is-config="true" signature="tearDown()[pri:0, instance:utils.ExcelDataProvider@49c7b90e]" started-at="2021-11-18T12:49:04 IST" name="tearDown" finished-at="2021-11-18T12:49:04 IST" duration-ms="0" status="PASS">
          <reporter-output>
          </reporter-output>
        </test-method> <!-- tearDown -->
        <test-method signature="test(java.lang.String,java.lang.String,java.lang.String,java.lang.String)[pri:0, instance:utils.ExcelDataProvider@49c7b90e]" started-at="2021-11-18T12:49:04 IST" name="test" data-provider="test1data" finished-at="2021-11-18T12:49:04 IST" duration-ms="25" status="PASS">
          <params>
            <param index="0">
              <value>
                <![CDATA[xfxbcfvnfcv]]>
              </value>
            </param>
            <param index="1">
              <value>
                <![CDATA[bnvbnvbmn]]>
              </value>
            </param>
            <param index="2">
              <value>
                <![CDATA[aaaaaaaaaaa@aaa.com]]>
              </value>
            </param>
            <param index="3">
              <value>
                <![CDATA[sfddsgs23]]>
              </value>
            </param>
          </params>
          <reporter-output>
          </reporter-output>
        </test-method> <!-- test -->
        <test-method is-config="true" signature="tearDown()[pri:0, instance:utils.ExcelDataProvider@49c7b90e]" started-at="2021-11-18T12:49:04 IST" name="tearDown" finished-at="2021-11-18T12:49:04 IST" duration-ms="0" status="PASS">
          <reporter-output>
          </reporter-output>
        </test-method> <!-- tearDown -->
        <test-method is-config="true" signature="setup()[pri:0, instance:utils.ExcelDataProvider@49c7b90e]" started-at="2021-11-18T12:49:04 IST" name="setup" finished-at="2021-11-18T12:49:04 IST" duration-ms="1" status="PASS">
          <reporter-output>
          </reporter-output>
        </test-method> <!-- setup -->
        <test-method signature="test(java.lang.String,java.lang.String,java.lang.String,java.lang.String)[pri:0, instance:utils.ExcelDataProvider@49c7b90e]" started-at="2021-11-18T12:49:04 IST" name="test" data-provider="test1data" finished-at="2021-11-18T12:49:04 IST" duration-ms="33" status="PASS">
          <params>
            <param index="0">
              <value>
                <![CDATA[xfxbcfvnfcv]]>
              </value>
            </param>
            <param index="1">
              <value>
                <![CDATA[bnvbnvbmn]]>
              </value>
            </param>
            <param index="2">
              <value>
                <![CDATA[bbbbbbbbbbb@bb.com]]>
              </value>
            </param>
            <param index="3">
              <value>
                <![CDATA[sfddsgs232]]>
              </value>
            </param>
          </params>
          <reporter-output>
          </reporter-output>
        </test-method> <!-- test -->
        <test-method is-config="true" signature="setup()[pri:0, instance:utils.ExcelDataProvider@49c7b90e]" started-at="2021-11-18T12:49:04 IST" name="setup" finished-at="2021-11-18T12:49:04 IST" duration-ms="1" status="PASS">
          <reporter-output>
          </reporter-output>
        </test-method> <!-- setup -->
        <test-method is-config="true" signature="tearDown()[pri:0, instance:utils.ExcelDataProvider@49c7b90e]" started-at="2021-11-18T12:49:04 IST" name="tearDown" finished-at="2021-11-18T12:49:04 IST" duration-ms="0" status="PASS">
          <reporter-output>
          </reporter-output>
        </test-method> <!-- tearDown -->
        <test-method signature="test(java.lang.String,java.lang.String,java.lang.String,java.lang.String)[pri:0, instance:utils.ExcelDataProvider@49c7b90e]" started-at="2021-11-18T12:49:04 IST" name="test" data-provider="test1data" finished-at="2021-11-18T12:49:04 IST" duration-ms="22" status="PASS">
          <params>
            <param index="0">
              <value>
                <![CDATA[xfxbcfvnfcv]]>
              </value>
            </param>
            <param index="1">
              <value>
                <![CDATA[bnvbnvbmn]]>
              </value>
            </param>
            <param index="2">
              <value>
                <![CDATA[ccccccccccc@ccc.com]]>
              </value>
            </param>
            <param index="3">
              <value>
                <![CDATA[sfddsgs22]]>
              </value>
            </param>
          </params>
          <reporter-output>
          </reporter-output>
        </test-method> <!-- test -->
        <test-method is-config="true" signature="tearDown()[pri:0, instance:utils.ExcelDataProvider@49c7b90e]" started-at="2021-11-18T12:49:04 IST" name="tearDown" finished-at="2021-11-18T12:49:04 IST" duration-ms="0" status="PASS">
          <reporter-output>
          </reporter-output>
        </test-method> <!-- tearDown -->
        <test-method is-config="true" signature="setup()[pri:0, instance:utils.ExcelDataProvider@49c7b90e]" started-at="2021-11-18T12:49:04 IST" name="setup" finished-at="2021-11-18T12:49:04 IST" duration-ms="1" status="PASS">
          <reporter-output>
          </reporter-output>
        </test-method> <!-- setup -->
        <test-method signature="test(java.lang.String,java.lang.String,java.lang.String,java.lang.String)[pri:0, instance:utils.ExcelDataProvider@49c7b90e]" started-at="2021-11-18T12:49:04 IST" name="test" data-provider="test1data" finished-at="2021-11-18T12:49:04 IST" duration-ms="81" status="PASS">
          <params>
            <param index="0">
              <value>
                <![CDATA[xfxbcfvnfcv]]>
              </value>
            </param>
            <param index="1">
              <value>
                <![CDATA[bnvbnvbmn]]>
              </value>
            </param>
            <param index="2">
              <value>
                <![CDATA[dddddddddd@ddd.com]]>
              </value>
            </param>
            <param index="3">
              <value>
                <![CDATA[sfddsgs232]]>
              </value>
            </param>
          </params>
          <reporter-output>
          </reporter-output>
        </test-method> <!-- test -->
        <test-method is-config="true" signature="tearDown()[pri:0, instance:utils.ExcelDataProvider@49c7b90e]" started-at="2021-11-18T12:49:04 IST" name="tearDown" finished-at="2021-11-18T12:49:04 IST" duration-ms="1" status="PASS">
          <reporter-output>
          </reporter-output>
        </test-method> <!-- tearDown -->
        <test-method is-config="true" signature="setup()[pri:0, instance:utils.ExcelDataProvider@49c7b90e]" started-at="2021-11-18T12:49:04 IST" name="setup" finished-at="2021-11-18T12:49:04 IST" duration-ms="2" status="PASS">
          <reporter-output>
          </reporter-output>
        </test-method> <!-- setup -->
        <test-method signature="test(java.lang.String,java.lang.String,java.lang.String,java.lang.String)[pri:0, instance:utils.ExcelDataProvider@49c7b90e]" started-at="2021-11-18T12:49:04 IST" name="test" data-provider="test1data" finished-at="2021-11-18T12:49:04 IST" duration-ms="23" status="PASS">
          <params>
            <param index="0">
              <value>
                <![CDATA[xfxbcfvnfcv]]>
              </value>
            </param>
            <param index="1">
              <value>
                <![CDATA[bnvbnvbmn]]>
              </value>
            </param>
            <param index="2">
              <value>
                <![CDATA[eeeeeeeeee@eee.com]]>
              </value>
            </param>
            <param index="3">
              <value>
                <![CDATA[23sdfs]]>
              </value>
            </param>
          </params>
          <reporter-output>
          </reporter-output>
        </test-method> <!-- test -->
        <test-method is-config="true" signature="setup()[pri:0, instance:utils.ExcelDataProvider@49c7b90e]" started-at="2021-11-18T12:49:04 IST" name="setup" finished-at="2021-11-18T12:49:04 IST" duration-ms="1" status="PASS">
          <reporter-output>
          </reporter-output>
        </test-method> <!-- setup -->
        <test-method is-config="true" signature="tearDown()[pri:0, instance:utils.ExcelDataProvider@49c7b90e]" started-at="2021-11-18T12:49:04 IST" name="tearDown" finished-at="2021-11-18T12:49:04 IST" duration-ms="0" status="PASS">
          <reporter-output>
          </reporter-output>
        </test-method> <!-- tearDown -->
        <test-method signature="test(java.lang.String,java.lang.String,java.lang.String,java.lang.String)[pri:0, instance:utils.ExcelDataProvider@49c7b90e]" started-at="2021-11-18T12:49:04 IST" name="test" data-provider="test1data" finished-at="2021-11-18T12:49:04 IST" duration-ms="26" status="PASS">
          <params>
            <param index="0">
              <value>
                <![CDATA[xfxbcfvnfcv]]>
              </value>
            </param>
            <param index="1">
              <value>
                <![CDATA[bnvbnvbmn]]>
              </value>
            </param>
            <param index="2">
              <value>
                <![CDATA[fffffffffff@fff.com]]>
              </value>
            </param>
            <param index="3">
              <value>
                <![CDATA[234asddsa]]>
              </value>
            </param>
          </params>
          <reporter-output>
          </reporter-output>
        </test-method> <!-- test -->
        <test-method is-config="true" signature="tearDown()[pri:0, instance:utils.ExcelDataProvider@49c7b90e]" started-at="2021-11-18T12:49:04 IST" name="tearDown" finished-at="2021-11-18T12:49:04 IST" duration-ms="0" status="PASS">
          <reporter-output>
          </reporter-output>
        </test-method> <!-- tearDown -->
        <test-method is-config="true" signature="setup()[pri:0, instance:utils.ExcelDataProvider@49c7b90e]" started-at="2021-11-18T12:49:04 IST" name="setup" finished-at="2021-11-18T12:49:04 IST" duration-ms="2" status="PASS">
          <reporter-output>
          </reporter-output>
        </test-method> <!-- setup -->
        <test-method signature="test(java.lang.String,java.lang.String,java.lang.String,java.lang.String)[pri:0, instance:utils.ExcelDataProvider@49c7b90e]" started-at="2021-11-18T12:49:04 IST" name="test" data-provider="test1data" finished-at="2021-11-18T12:49:04 IST" duration-ms="66" status="PASS">
          <params>
            <param index="0">
              <value>
                <![CDATA[uttam ]]>
              </value>
            </param>
            <param index="1">
              <value>
                <![CDATA[kumar]]>
              </value>
            </param>
            <param index="2">
              <value>
                <![CDATA[uttamkumarsingh@gmail.com]]>
              </value>
            </param>
            <param index="3">
              <value>
                <![CDATA[ass1231a]]>
              </value>
            </param>
          </params>
          <reporter-output>
          </reporter-output>
        </test-method> <!-- test -->
        <test-method is-config="true" signature="tearDown()[pri:0, instance:utils.ExcelDataProvider@49c7b90e]" started-at="2021-11-18T12:49:04 IST" name="tearDown" finished-at="2021-11-18T12:49:04 IST" duration-ms="1" status="PASS">
          <reporter-output>
          </reporter-output>
        </test-method> <!-- tearDown -->
        <test-method is-config="true" signature="setup()[pri:0, instance:utils.ExcelDataProvider@49c7b90e]" started-at="2021-11-18T12:49:04 IST" name="setup" finished-at="2021-11-18T12:49:04 IST" duration-ms="1" status="PASS">
          <reporter-output>
          </reporter-output>
        </test-method> <!-- setup -->
        <test-method signature="test(java.lang.String,java.lang.String,java.lang.String,java.lang.String)[pri:0, instance:utils.ExcelDataProvider@49c7b90e]" started-at="2021-11-18T12:49:04 IST" name="test" data-provider="test1data" finished-at="2021-11-18T12:49:04 IST" duration-ms="42" status="FAIL">
          <params>
            <param index="0">
              <value>
                <![CDATA[uttam ]]>
              </value>
            </param>
            <param index="1">
              <value>
                <![CDATA[kumar]]>
              </value>
            </param>
            <param index="2">
              <value>
                <![CDATA[sdssddgdffhhg@fvxfb.com]]>
              </value>
            </param>
            <param index="3">
              <value>
                <![CDATA[ass1231a]]>
              </value>
            </param>
          </params>
          <exception class="java.lang.AssertionError">
            <message>
              <![CDATA[expected [500] but found [200]]]>
            </message>
            <full-stacktrace>
              <![CDATA[java.lang.AssertionError: expected [500] but found [200]
at org.testng.Assert.fail(Assert.java:99)
at org.testng.Assert.failNotEquals(Assert.java:1037)
at org.testng.Assert.assertEqualsImpl(Assert.java:140)
at org.testng.Assert.assertEquals(Assert.java:122)
at org.testng.Assert.assertEquals(Assert.java:907)
at org.testng.Assert.assertEquals(Assert.java:917)
at utils.ExcelDataProvider.test(ExcelDataProvider.java:54)
at jdk.internal.reflect.GeneratedMethodAccessor57.invoke(Unknown Source)
at java.base/jdk.internal.reflect.DelegatingMethodAccessorImpl.invoke(DelegatingMethodAccessorImpl.java:43)
at java.base/java.lang.reflect.Method.invoke(Method.java:567)
at org.testng.internal.MethodInvocationHelper.invokeMethod(MethodInvocationHelper.java:133)
at org.testng.internal.TestInvoker.invokeMethod(TestInvoker.java:598)
at org.testng.internal.TestInvoker.invokeTestMethod(TestInvoker.java:173)
at org.testng.internal.MethodRunner.runInSequence(MethodRunner.java:46)
at org.testng.internal.TestInvoker$MethodInvocationAgent.invoke(TestInvoker.java:824)
at org.testng.internal.TestInvoker.invokeTestMethods(TestInvoker.java:146)
at org.testng.internal.TestMethodWorker.invokeTestMethods(TestMethodWorker.java:146)
at org.testng.internal.TestMethodWorker.run(TestMethodWorker.java:128)
at java.base/java.util.ArrayList.forEach(ArrayList.java:1511)
at org.testng.TestRunner.privateRun(TestRunner.java:794)
at org.testng.TestRunner.run(TestRunner.java:596)
at org.testng.SuiteRunner.runTest(SuiteRunner.java:377)
at org.testng.SuiteRunner.runSequentially(SuiteRunner.java:371)
at org.testng.SuiteRunner.privateRun(SuiteRunner.java:332)
at org.testng.SuiteRunner.run(SuiteRunner.java:276)
at org.testng.SuiteRunnerWorker.runSuite(SuiteRunnerWorker.java:53)
at org.testng.SuiteRunnerWorker.run(SuiteRunnerWorker.java:96)
at org.testng.TestNG.runSuitesSequentially(TestNG.java:1212)
at org.testng.TestNG.runSuitesLocally(TestNG.java:1134)
at org.testng.TestNG.runSuites(TestNG.java:1063)
at org.testng.TestNG.run(TestNG.java:1031)
at org.testng.remote.AbstractRemoteTestNG.run(AbstractRemoteTestNG.java:115)
at org.testng.remote.RemoteTestNG.initAndRun(RemoteTestNG.java:251)
at org.testng.remote.RemoteTestNG.main(RemoteTestNG.java:77)
]]>
            </full-stacktrace>
          </exception> <!-- java.lang.AssertionError -->
          <reporter-output>
          </reporter-output>
        </test-method> <!-- test -->
        <test-method is-config="true" signature="tearDown()[pri:0, instance:utils.ExcelDataProvider@49c7b90e]" started-at="2021-11-18T12:49:04 IST" name="tearDown" finished-at="2021-11-18T12:49:04 IST" duration-ms="1" status="PASS">
          <reporter-output>
          </reporter-output>
        </test-method> <!-- tearDown -->
        <test-method is-config="true" signature="setup()[pri:0, instance:utils.ExcelDataProvider@49c7b90e]" started-at="2021-11-18T12:49:04 IST" name="setup" finished-at="2021-11-18T12:49:04 IST" duration-ms="1" status="PASS">
          <reporter-output>
          </reporter-output>
        </test-method> <!-- setup -->
        <test-method signature="test(java.lang.String,java.lang.String,java.lang.String,java.lang.String)[pri:0, instance:utils.ExcelDataProvider@49c7b90e]" started-at="2021-11-18T12:49:04 IST" name="test" data-provider="test1data" finished-at="2021-11-18T12:49:04 IST" duration-ms="28" status="FAIL">
          <params>
            <param index="0">
              <value>
                <![CDATA[uttam ]]>
              </value>
            </param>
            <param index="1">
              <value>
                <![CDATA[kumar]]>
              </value>
            </param>
            <param index="2">
              <value>
                <![CDATA[ccccc@cc.com]]>
              </value>
            </param>
            <param index="3">
              <value>
                <![CDATA[ass1231a]]>
              </value>
            </param>
          </params>
          <exception class="java.lang.AssertionError">
            <message>
              <![CDATA[expected [500] but found [200]]]>
            </message>
            <full-stacktrace>
              <![CDATA[java.lang.AssertionError: expected [500] but found [200]
at org.testng.Assert.fail(Assert.java:99)
at org.testng.Assert.failNotEquals(Assert.java:1037)
at org.testng.Assert.assertEqualsImpl(Assert.java:140)
at org.testng.Assert.assertEquals(Assert.java:122)
at org.testng.Assert.assertEquals(Assert.java:907)
at org.testng.Assert.assertEquals(Assert.java:917)
at utils.ExcelDataProvider.test(ExcelDataProvider.java:54)
at jdk.internal.reflect.GeneratedMethodAccessor57.invoke(Unknown Source)
at java.base/jdk.internal.reflect.DelegatingMethodAccessorImpl.invoke(DelegatingMethodAccessorImpl.java:43)
at java.base/java.lang.reflect.Method.invoke(Method.java:567)
at org.testng.internal.MethodInvocationHelper.invokeMethod(MethodInvocationHelper.java:133)
at org.testng.internal.TestInvoker.invokeMethod(TestInvoker.java:598)
at org.testng.internal.TestInvoker.invokeTestMethod(TestInvoker.java:173)
at org.testng.internal.MethodRunner.runInSequence(MethodRunner.java:46)
at org.testng.internal.TestInvoker$MethodInvocationAgent.invoke(TestInvoker.java:824)
at org.testng.internal.TestInvoker.invokeTestMethods(TestInvoker.java:146)
at org.testng.internal.TestMethodWorker.invokeTestMethods(TestMethodWorker.java:146)
at org.testng.internal.TestMethodWorker.run(TestMethodWorker.java:128)
at java.base/java.util.ArrayList.forEach(ArrayList.java:1511)
at org.testng.TestRunner.privateRun(TestRunner.java:794)
at org.testng.TestRunner.run(TestRunner.java:596)
at org.testng.SuiteRunner.runTest(SuiteRunner.java:377)
at org.testng.SuiteRunner.runSequentially(SuiteRunner.java:371)
at org.testng.SuiteRunner.privateRun(SuiteRunner.java:332)
at org.testng.SuiteRunner.run(SuiteRunner.java:276)
at org.testng.SuiteRunnerWorker.runSuite(SuiteRunnerWorker.java:53)
at org.testng.SuiteRunnerWorker.run(SuiteRunnerWorker.java:96)
at org.testng.TestNG.runSuitesSequentially(TestNG.java:1212)
at org.testng.TestNG.runSuitesLocally(TestNG.java:1134)
at org.testng.TestNG.runSuites(TestNG.java:1063)
at org.testng.TestNG.run(TestNG.java:1031)
at org.testng.remote.AbstractRemoteTestNG.run(AbstractRemoteTestNG.java:115)
at org.testng.remote.RemoteTestNG.initAndRun(RemoteTestNG.java:251)
at org.testng.remote.RemoteTestNG.main(RemoteTestNG.java:77)
]]>
            </full-stacktrace>
          </exception> <!-- java.lang.AssertionError -->
          <reporter-output>
          </reporter-output>
        </test-method> <!-- test -->
        <test-method is-config="true" signature="setup()[pri:0, instance:utils.ExcelDataProvider@49c7b90e]" started-at="2021-11-18T12:49:04 IST" name="setup" finished-at="2021-11-18T12:49:05 IST" duration-ms="1" status="PASS">
          <reporter-output>
          </reporter-output>
        </test-method> <!-- setup -->
        <test-method is-config="true" signature="tearDown()[pri:0, instance:utils.ExcelDataProvider@49c7b90e]" started-at="2021-11-18T12:49:04 IST" name="tearDown" finished-at="2021-11-18T12:49:04 IST" duration-ms="0" status="PASS">
          <reporter-output>
          </reporter-output>
        </test-method> <!-- tearDown -->
        <test-method signature="test(java.lang.String,java.lang.String,java.lang.String,java.lang.String)[pri:0, instance:utils.ExcelDataProvider@49c7b90e]" started-at="2021-11-18T12:49:05 IST" name="test" data-provider="test1data" finished-at="2021-11-18T12:49:05 IST" duration-ms="17" status="FAIL">
          <params>
            <param index="0">
              <value>
                <![CDATA[uttam ]]>
              </value>
            </param>
            <param index="1">
              <value>
                <![CDATA[kumar]]>
              </value>
            </param>
            <param index="2">
              <value>
                <![CDATA[lllllll@lll.com]]>
              </value>
            </param>
            <param index="3">
              <value>
                <![CDATA[ass1231a]]>
              </value>
            </param>
          </params>
          <exception class="java.lang.AssertionError">
            <message>
              <![CDATA[expected [500] but found [200]]]>
            </message>
            <full-stacktrace>
              <![CDATA[java.lang.AssertionError: expected [500] but found [200]
at org.testng.Assert.fail(Assert.java:99)
at org.testng.Assert.failNotEquals(Assert.java:1037)
at org.testng.Assert.assertEqualsImpl(Assert.java:140)
at org.testng.Assert.assertEquals(Assert.java:122)
at org.testng.Assert.assertEquals(Assert.java:907)
at org.testng.Assert.assertEquals(Assert.java:917)
at utils.ExcelDataProvider.test(ExcelDataProvider.java:54)
at jdk.internal.reflect.GeneratedMethodAccessor57.invoke(Unknown Source)
at java.base/jdk.internal.reflect.DelegatingMethodAccessorImpl.invoke(DelegatingMethodAccessorImpl.java:43)
at java.base/java.lang.reflect.Method.invoke(Method.java:567)
at org.testng.internal.MethodInvocationHelper.invokeMethod(MethodInvocationHelper.java:133)
at org.testng.internal.TestInvoker.invokeMethod(TestInvoker.java:598)
at org.testng.internal.TestInvoker.invokeTestMethod(TestInvoker.java:173)
at org.testng.internal.MethodRunner.runInSequence(MethodRunner.java:46)
at org.testng.internal.TestInvoker$MethodInvocationAgent.invoke(TestInvoker.java:824)
at org.testng.internal.TestInvoker.invokeTestMethods(TestInvoker.java:146)
at org.testng.internal.TestMethodWorker.invokeTestMethods(TestMethodWorker.java:146)
at org.testng.internal.TestMethodWorker.run(TestMethodWorker.java:128)
at java.base/java.util.ArrayList.forEach(ArrayList.java:1511)
at org.testng.TestRunner.privateRun(TestRunner.java:794)
at org.testng.TestRunner.run(TestRunner.java:596)
at org.testng.SuiteRunner.runTest(SuiteRunner.java:377)
at org.testng.SuiteRunner.runSequentially(SuiteRunner.java:371)
at org.testng.SuiteRunner.privateRun(SuiteRunner.java:332)
at org.testng.SuiteRunner.run(SuiteRunner.java:276)
at org.testng.SuiteRunnerWorker.runSuite(SuiteRunnerWorker.java:53)
at org.testng.SuiteRunnerWorker.run(SuiteRunnerWorker.java:96)
at org.testng.TestNG.runSuitesSequentially(TestNG.java:1212)
at org.testng.TestNG.runSuitesLocally(TestNG.java:1134)
at org.testng.TestNG.runSuites(TestNG.java:1063)
at org.testng.TestNG.run(TestNG.java:1031)
at org.testng.remote.AbstractRemoteTestNG.run(AbstractRemoteTestNG.java:115)
at org.testng.remote.RemoteTestNG.initAndRun(RemoteTestNG.java:251)
at org.testng.remote.RemoteTestNG.main(RemoteTestNG.java:77)
]]>
            </full-stacktrace>
          </exception> <!-- java.lang.AssertionError -->
          <reporter-output>
          </reporter-output>
        </test-method> <!-- test -->
        <test-method is-config="true" signature="tearDown()[pri:0, instance:utils.ExcelDataProvider@49c7b90e]" started-at="2021-11-18T12:49:05 IST" name="tearDown" finished-at="2021-11-18T12:49:05 IST" duration-ms="0" status="PASS">
          <reporter-output>
          </reporter-output>
        </test-method> <!-- tearDown -->
        <test-method is-config="true" signature="setup()[pri:0, instance:utils.ExcelDataProvider@49c7b90e]" started-at="2021-11-18T12:49:05 IST" name="setup" finished-at="2021-11-18T12:49:05 IST" duration-ms="1" status="PASS">
          <reporter-output>
          </reporter-output>
        </test-method> <!-- setup -->
        <test-method signature="test(java.lang.String,java.lang.String,java.lang.String,java.lang.String)[pri:0, instance:utils.ExcelDataProvider@49c7b90e]" started-at="2021-11-18T12:49:05 IST" name="test" data-provider="test1data" finished-at="2021-11-18T12:49:05 IST" duration-ms="23" status="FAIL">
          <params>
            <param index="0">
              <value>
                <![CDATA[uttam ]]>
              </value>
            </param>
            <param index="1">
              <value>
                <![CDATA[kumar]]>
              </value>
            </param>
            <param index="2">
              <value>
                <![CDATA[ppppp@ppp.com]]>
              </value>
            </param>
            <param index="3">
              <value>
                <![CDATA[ass1231a]]>
              </value>
            </param>
          </params>
          <exception class="java.lang.AssertionError">
            <message>
              <![CDATA[expected [500] but found [200]]]>
            </message>
            <full-stacktrace>
              <![CDATA[java.lang.AssertionError: expected [500] but found [200]
at org.testng.Assert.fail(Assert.java:99)
at org.testng.Assert.failNotEquals(Assert.java:1037)
at org.testng.Assert.assertEqualsImpl(Assert.java:140)
at org.testng.Assert.assertEquals(Assert.java:122)
at org.testng.Assert.assertEquals(Assert.java:907)
at org.testng.Assert.assertEquals(Assert.java:917)
at utils.ExcelDataProvider.test(ExcelDataProvider.java:54)
at jdk.internal.reflect.GeneratedMethodAccessor57.invoke(Unknown Source)
at java.base/jdk.internal.reflect.DelegatingMethodAccessorImpl.invoke(DelegatingMethodAccessorImpl.java:43)
at java.base/java.lang.reflect.Method.invoke(Method.java:567)
at org.testng.internal.MethodInvocationHelper.invokeMethod(MethodInvocationHelper.java:133)
at org.testng.internal.TestInvoker.invokeMethod(TestInvoker.java:598)
at org.testng.internal.TestInvoker.invokeTestMethod(TestInvoker.java:173)
at org.testng.internal.MethodRunner.runInSequence(MethodRunner.java:46)
at org.testng.internal.TestInvoker$MethodInvocationAgent.invoke(TestInvoker.java:824)
at org.testng.internal.TestInvoker.invokeTestMethods(TestInvoker.java:146)
at org.testng.internal.TestMethodWorker.invokeTestMethods(TestMethodWorker.java:146)
at org.testng.internal.TestMethodWorker.run(TestMethodWorker.java:128)
at java.base/java.util.ArrayList.forEach(ArrayList.java:1511)
at org.testng.TestRunner.privateRun(TestRunner.java:794)
at org.testng.TestRunner.run(TestRunner.java:596)
at org.testng.SuiteRunner.runTest(SuiteRunner.java:377)
at org.testng.SuiteRunner.runSequentially(SuiteRunner.java:371)
at org.testng.SuiteRunner.privateRun(SuiteRunner.java:332)
at org.testng.SuiteRunner.run(SuiteRunner.java:276)
at org.testng.SuiteRunnerWorker.runSuite(SuiteRunnerWorker.java:53)
at org.testng.SuiteRunnerWorker.run(SuiteRunnerWorker.java:96)
at org.testng.TestNG.runSuitesSequentially(TestNG.java:1212)
at org.testng.TestNG.runSuitesLocally(TestNG.java:1134)
at org.testng.TestNG.runSuites(TestNG.java:1063)
at org.testng.TestNG.run(TestNG.java:1031)
at org.testng.remote.AbstractRemoteTestNG.run(AbstractRemoteTestNG.java:115)
at org.testng.remote.RemoteTestNG.initAndRun(RemoteTestNG.java:251)
at org.testng.remote.RemoteTestNG.main(RemoteTestNG.java:77)
]]>
            </full-stacktrace>
          </exception> <!-- java.lang.AssertionError -->
          <reporter-output>
          </reporter-output>
        </test-method> <!-- test -->
        <test-method is-config="true" signature="tearDown()[pri:0, instance:utils.ExcelDataProvider@49c7b90e]" started-at="2021-11-18T12:49:05 IST" name="tearDown" finished-at="2021-11-18T12:49:05 IST" duration-ms="1" status="PASS">
          <reporter-output>
          </reporter-output>
        </test-method> <!-- tearDown -->
      </class> <!-- utils.ExcelDataProvider -->
    </test> <!-- Default test -->
  </suite> <!-- Default suite -->
</testng-results>
